<?xml version="1.0" encoding="UTF-8"?>
<!-- Generated by org.testng.reporters.JUnitReportReporter -->
<testsuite skipped="0" hostname="DESKTOP-6QTNOGT" name="com.qa.crm.testcases.LoginPageTest" tests="3" failures="0" timestamp="2022-01-11T17:44:16 IST" time="25.866" errors="0">
  <testcase name="validateTitleTest" time="6.434" classname="com.qa.crm.testcases.LoginPageTest"/>
  <system-out/>
  <testcase name="validateLogoTest" time="7.254" classname="com.qa.crm.testcases.LoginPageTest"/>
  <system-out/>
  <testcase name="loginTest" time="12.178" classname="com.qa.crm.testcases.LoginPageTest"/>
  <system-out/>
</testsuite> <!-- com.qa.crm.testcases.LoginPageTest -->
