<?xml version="1.0" encoding="UTF-8"?>
<!-- Generated by org.testng.reporters.JUnitReportReporter -->
<testsuite skipped="0" hostname="DESKTOP-6QTNOGT" name="com.qa.crm.testcases.LoginPageTest" tests="3" failures="0" timestamp="2022-01-11T20:07:39 IST" time="21.262" errors="0">
  <testcase name="validateTitleTest" time="6.420" classname="com.qa.crm.testcases.LoginPageTest"/>
  <system-out/>
  <testcase name="validateLogoTest" time="8.114" classname="com.qa.crm.testcases.LoginPageTest"/>
  <system-out/>
  <testcase name="loginTest" time="6.728" classname="com.qa.crm.testcases.LoginPageTest"/>
  <system-out/>
</testsuite> <!-- com.qa.crm.testcases.LoginPageTest -->
