<?xml version="1.0" encoding="UTF-8"?>
<!-- Generated by org.testng.reporters.JUnitReportReporter -->
<testsuite skipped="0" hostname="DESKTOP-6QTNOGT" name="com.qa.crm.testcases.LoginPageTest" tests="3" failures="0" timestamp="2021-12-11T13:43:42 IST" time="36.534" errors="0">
  <testcase name="validateTitleTest" time="13.741" classname="com.qa.crm.testcases.LoginPageTest"/>
  <system-out/>
  <testcase name="validateLogoTest" time="11.489" classname="com.qa.crm.testcases.LoginPageTest"/>
  <system-out/>
  <testcase name="loginTest" time="11.304" classname="com.qa.crm.testcases.LoginPageTest"/>
  <system-out/>
</testsuite> <!-- com.qa.crm.testcases.LoginPageTest -->
